


ARM Macro Assembler    Page 1 


    1 00000000         ;****************** main.s ***************
    2 00000000         ; Program written by: put your names here
    3 00000000         ; Date Created: 8/25/2013 
    4 00000000         ; Last Modified: 2/24/2015 
    5 00000000         ; Section 1-2pm     TA: Youngchun Kim
    6 00000000         ;****************** main.s ***************
    7 00000000         ; Program written by: Matteus Oosterlaken & Ryan Taylor
    8 00000000         ; Date Created: 8/25/2013 
    9 00000000         ; Last Modified: 2/24/2015 
   10 00000000         ; Section 1-2pm     TA: Youngchun Kim
   11 00000000         ; Lab number: 5
   12 00000000         ; Brief description of the program
   13 00000000         ;   A traffic light controller with 3 inputs and 8 outpu
                       t
   14 00000000         ; Hardware connections
   15 00000000         ;The “don’t walk” and “walk” lights must be PF1 and PF3 
                       respectively, but where to attach the others have some f
                       lexibility. 
   16 00000000         ;Obviously, you will not connect both inputs and outputs
                        to the same pin.
   17 00000000         
   18 00000000         ;Red south       PA7    PB5    PE5
   19 00000000         ;Yellow south    PA6    PB4    PE4
   20 00000000         ;Green south     PA5    PB3    PE3
   21 00000000         ;Red west        PA4    PB2    PE2
   22 00000000         ;Yellow west     PA3    PB1    PE1
   23 00000000         ;Green west      PA2    PB0    PE0
   24 00000000         ;Table 5.1. Possible ports to interface the traffic ligh
                       ts (PF1=red don’t walk, PF3=green walk).
   25 00000000         
   26 00000000         ;Walk sensor     PA4    PD2    PE2
   27 00000000         ;South sensor    PA3    PD1    PE1
   28 00000000         ;West sensor     PA2    PD0    PE0
   29 00000000         ;Table 5.2. Possible ports to interface the sensors.
   30 00000000         
   31 00000000 400FE608 
                       SYSCTL_RCGCGPIO_R
                               EQU              0x400FE608
   32 00000000 400043FC 
                       GPIO_PORTA_DATA_R
                               EQU              0x400043FC
   33 00000000 40004400 
                       GPIO_PORTA_DIR_R
                               EQU              0x40004400
   34 00000000 40004420 
                       GPIO_PORTA_AFSEL_R
                               EQU              0x40004420
   35 00000000 4000451C 
                       GPIO_PORTA_DEN_R
                               EQU              0x4000451C
   36 00000000 400053FC 
                       GPIO_PORTB_DATA_R
                               EQU              0x400053FC
   37 00000000 40005400 
                       GPIO_PORTB_DIR_R
                               EQU              0x40005400
   38 00000000 40005420 
                       GPIO_PORTB_AFSEL_R
                               EQU              0x40005420



ARM Macro Assembler    Page 2 


   39 00000000 4000551C 
                       GPIO_PORTB_DEN_R
                               EQU              0x4000551C
   40 00000000 400073FC 
                       GPIO_PORTD_DATA_R
                               EQU              0x400073FC
   41 00000000 40007400 
                       GPIO_PORTD_DIR_R
                               EQU              0x40007400
   42 00000000 40007420 
                       GPIO_PORTD_AFSEL_R
                               EQU              0x40007420
   43 00000000 4000751C 
                       GPIO_PORTD_DEN_R
                               EQU              0x4000751C
   44 00000000 400243FC 
                       GPIO_PORTE_DATA_R
                               EQU              0x400243FC
   45 00000000 40024400 
                       GPIO_PORTE_DIR_R
                               EQU              0x40024400
   46 00000000 40024420 
                       GPIO_PORTE_AFSEL_R
                               EQU              0x40024420
   47 00000000 4002451C 
                       GPIO_PORTE_DEN_R
                               EQU              0x4002451C
   48 00000000 400253FC 
                       GPIO_PORTF_DATA_R
                               EQU              0x400253FC
   49 00000000 40025400 
                       GPIO_PORTF_DIR_R
                               EQU              0x40025400
   50 00000000 40025420 
                       GPIO_PORTF_AFSEL_R
                               EQU              0x40025420
   51 00000000 4002551C 
                       GPIO_PORTF_DEN_R
                               EQU              0x4002551C
   52 00000000 E000E018 
                       NVIC_ST_CURRENT_R
                               EQU              0xE000E018
   53 00000000 E000E010 
                       NVIC_ST_CTRL_R
                               EQU              0xE000E010
   54 00000000 E000E014 
                       NVIC_ST_RELOAD_R
                               EQU              0xE000E014
   55 00000000 4C4F434B 
                       KEY     EQU              0x4C4F434B
   56 00000000 000C34FF 
                       DELAY   EQU              799999
   57 00000000         
   58 00000000         
   59 00000000         
   60 00000000                 AREA             DATA, ALIGN=2
   61 00000000 00 00 00 
              00       current_state
                               SPACE            4



ARM Macro Assembler    Page 3 


   62 00000004 00 00 00 
              00       state_ptr
                               SPACE            4
   63 00000008         
   64 00000008         
   65 00000008         
   66 00000008                 ALIGN
   67 00000008                 AREA             |.text|, CODE, READONLY, ALIGN=
2
   68 00000000                 THUMB
   69 00000000                 EXPORT           Start
   70 00000000                 IMPORT           PLL_Init
   71 00000000         
   72 00000000         
   73 00000000         Start
   74 00000000         
   75 00000000 00000021 
              00000002 
              00000064 
              00000000 
              00000001 
              00000000 
              00000001 
              00000003 
              00000003 
              00000003 
              00000003 state0  DCD              0x21, 0x02, 100, 0, 1, 0, 1, 3,
 3, 3, 3
   76 0000002C 00000022 
              00000002 
              00000064 
              00000002 
              00000002 
              00000002 
              00000002 
              00000004 
              00000004 
              00000004 
              00000004 state1  DCD              0x22, 0x02, 100, 2, 2, 2, 2, 4,
 4, 4, 4
   77 00000058 00000024 
              00000002 
              00000064 
              00000005 
              00000005 
              00000005 
              00000005 
              0000000A 
              0000000A 
              0000000A 
              0000000A state2  DCD              0x24, 0x02, 100, 5, 5, 5, 5, 10
, 10, 10, 10
   78 00000084 00000022 
              00000002 
              00000064 
              00000004 
              00000004 
              00000004 
              00000004 



ARM Macro Assembler    Page 4 


              00000004 
              00000004 
              00000004 
              00000004 state3  DCD              0x22, 0x02, 100, 4, 4, 4, 4, 4,
 4, 4, 4
   79 000000B0 00000024 
              00000002 
              00000064 
              0000000A 
              00000012 
              0000000A 
              00000012 
              0000000A 
              00000012 
              0000000A 
              00000012 state4  DCD              0x24, 0x02, 100, 10, 18, 10, 18
, 10, 18, 10, 18
   80 000000DC 0000000C 
              00000002 
              00000064 
              00000005 
              00000005 
              00000006 
              00000006 
              00000008 
              00000008 
              00000008 
              00000008 state5  DCD              0x0C, 0x02, 100, 5, 5, 6, 6, 8,
 8, 8, 8
   81 00000108 00000014 
              00000002 
              00000064 
              00000007 
              00000007 
              00000007 
              00000007 
              00000009 
              00000009 
              00000009 
              00000009 state6  DCD              0x14, 0x02, 100, 7, 7, 7, 7, 9,
 9, 9, 9
   82 00000134 00000024 
              00000002 
              00000064 
              00000000 
              00000000 
              00000000 
              00000000 
              0000000A 
              0000000A 
              0000000A 
              0000000A state7  DCD              0x24, 0x02, 100, 0, 0, 0, 0, 10
, 10, 10, 10
   83 00000160 00000014 
              00000002 
              00000064 
              00000009 
              00000009 
              00000009 



ARM Macro Assembler    Page 5 


              00000009 
              00000009 
              00000009 
              00000009 
              00000009 state8  DCD              0x14, 0x02, 100, 9, 9, 9, 9, 9,
 9, 9, 9
   84 0000018C 00000024 
              00000002 
              00000064 
              0000000A 
              0000000A 
              0000000A 
              0000000A 
              0000000A 
              0000000A 
              0000000A 
              0000000A state9  DCD              0x24, 0x02, 100, 10, 10, 10, 10
, 10, 10, 10, 10
   85 000001B8 00000024 
              00000008 
              00000064 
              0000000A 
              0000000B 
              0000000B 
              0000000B 
              0000000A 
              0000000B 
              0000000B 
              0000000B state10 DCD              0x24, 0x08, 100, 10, 11, 11, 11
, 10, 11, 11, 11
   86 000001E4 00000024 
              00000002 
              00000064 
              0000000C 
              0000000C 
              0000000C 
              0000000C 
              0000000C 
              0000000C 
              0000000C 
              0000000C state11 DCD              0x24, 0x02, 100, 12, 12, 12, 12
, 12, 12, 12, 12
   87 00000210 00000024 
              00000000 
              00000064 
              0000000D 
              0000000D 
              0000000D 
              0000000D 
              0000000D 
              0000000D 
              0000000D 
              0000000D state12 DCD              0x24, 0x00, 100, 13, 13, 13, 13
, 13, 13, 13, 13
   88 0000023C 00000024 
              00000002 
              00000064 
              0000000E 
              0000000E 



ARM Macro Assembler    Page 6 


              0000000E 
              0000000E 
              0000000E 
              0000000E 
              0000000E 
              0000000E state13 DCD              0x24, 0x02, 100, 14, 14, 14, 14
, 14, 14, 14, 14
   89 00000268 00000024 
              00000000 
              00000064 
              0000000F 
              0000000F 
              0000000F 
              0000000F 
              0000000F 
              0000000F 
              0000000F 
              0000000F state14 DCD              0x24, 0x00, 100, 15, 15, 15, 15
, 15, 15, 15, 15
   90 00000294 00000024 
              00000002 
              00000064 
              00000010 
              00000010 
              00000010 
              00000010 
              00000010 
              00000010 
              00000010 
              00000010 state15 DCD              0x24, 0x02, 100, 16, 16, 16, 16
, 16, 16, 16, 16
   91 000002C0 00000024 
              00000000 
              00000064 
              00000011 
              00000011 
              00000011 
              00000011 
              00000011 
              00000011 
              00000011 
              00000011 state16 DCD              0x24, 0x00, 100, 17, 17, 17, 17
, 17, 17, 17, 17
   92 000002EC 00000024 
              00000002 
              00000064 
              00000005 
              00000005 
              00000000 
              00000000 
              00000005 
              00000005 
              00000000 
              00000000 state17 DCD              0x24, 0x02, 100, 5, 5, 0, 0, 5,
 5, 0, 0
   93 00000318 0000000C 
              00000002 
              00000064 
              00000008 



ARM Macro Assembler    Page 7 


              00000008 
              00000008 
              00000008 
              00000008 
              00000008 
              00000008 
              00000008 state18 DCD              0x0C, 0x02, 100, 8, 8, 8, 8, 8,
 8, 8, 8
   94 00000344         
   95 00000344         ; the DCM.DLL -pCM4 -dLaunchPadDLL debugger setting does
                        NOT grade or simulate traffic
   96 00000344         ; the DCM.DLL -pCM4 -dEE319KLab5 debugger setting DOES n
                       ot test all specifications for EE319K
   97 00000344 F7FF FFFE       BL               PLL_Init    ; running at 80 MHz
                                                            
   98 00000348 F000 F83B       BL               SysTick_Init
   99 0000034C F000 F84A       BL               PortF_Init
  100 00000350 F000 F85F       BL               PortE_Init
  101 00000354 F000 F872       BL               PortA_Init
  102 00000358 F000 F887       BL               EnableInterrupts
  103 0000035C F04F 0021       mov              R0, #0x21
  104 00000360 F04F 0102       mov              r1, #0x02
  105 00000364 F000 F882       BL               TrafficLights_Out
  106 00000368         
  107 00000368 4856            LDR              R0,= current_state
  108 0000036A F04F 0100       MOV              R1, #0      ; setting intial st
                                                            ate to state 0 
  109 0000036E 6001            STR              R1, [R0]
  110 00000370         
  111 00000370 4855            LDR              R0,= state_ptr
  112 00000372 4956            LDR              R1,= state0 ; state_ptr points 
                                                            to first state
  113 00000374 6001            STR              R1, [R0]
  114 00000376         
  115 00000376 F04F 0404       MOV              R4, #4      ; R4 = 4
  116 0000037A F04F 0B0B       MOV              R11, #11    ; R11 = 11
  117 0000037E         
  118 0000037E         
  119 0000037E         loop
  120 0000037E F04F 0700       MOV              R7, #0
  121 00000382 4A51            LDR              R2,= state_ptr
  122 00000384 6812            LDR              R2, [R2]    ; R2 = Location of 
                                                            first state 
  123 00000386 4B4F            LDR              R3,= current_state
  124 00000388 681B            LDR              R3, [R3]    ; R3 = current stat
                                                            e
  125 0000038A FB03 F304       MUL              R3, R3, R4
  126 0000038E FB03 F30B       MUL              R3, R3, R11 ; R3(11*4) = index 
                                                            between states
  127 00000392 EB02 0703       ADD              R7, R2, R3  ; R7 = location of 
                                                            E.out (location of 
                                                            first state + curre
                                                            nt_state(ll*4) 
  128 00000396 6838            LDR              R0, [R7]    ; R0 = E.out
  129 00000398 F107 0704       ADD              R7, #4      ; R7 = location of 
                                                            F.out
  130 0000039C 6839            LDR              R1, [R7]    ; R1 = F.out
  131 0000039E         ;R0 <- FSM[current_state].EOut
  132 0000039E         ;R1 <- FSM[current_state].FOut



ARM Macro Assembler    Page 8 


  133 0000039E F000 F865       BL               TrafficLights_Out
  134 000003A2 F107 0704       ADD              R7, #4      ; R7 = location of 
                                                            Delay
  135 000003A6 6838            LDR              R0, [R7]
  136 000003A8         ;R0 <- FSM[current_state].Delay
  137 000003A8 F000 F86F       BL               SysTick_Wait10ms
  138 000003AC F000 F882       BL               getInputs
  139 000003B0         ;R0 contains input from getInputs 
  140 000003B0 F107 0704       ADD              R7, R7, #4
  141 000003B4 FB00 F004       MUL              R0, R4      ; input * offset fo
                                                            r 32 bit array 
  142 000003B8 4407            ADD              R7, R7, R0  ; R7 = location of 
                                                            Next State
  143 000003BA 683A            LDR              R2, [R7]    ; R2 = next state n
                                                            umber
  144 000003BC 4B41            LDR              R3,= current_state
  145 000003BE 601A            STR              R2, [R3]    ; updating current 
                                                            state 
  146 000003C0         ;current_state = FSM[current_state].Next[input];
  147 000003C0 E7DD            B                loop
  148 000003C2         
  149 000003C2         SysTick_Init
  150 000003C2 4843            LDR              R0,= NVIC_ST_CTRL_R
  151 000003C4 F04F 0100       MOV              R1, #0
  152 000003C8 6001            STR              R1, [R0]
  153 000003CA 4842            LDR              R0,= NVIC_ST_RELOAD_R
  154 000003CC F06F 417F       MOV              R1, #0x00FFFFFF
  155 000003D0 6001            STR              R1, [R0]
  156 000003D2 4841            LDR              R0,= NVIC_ST_CURRENT_R
  157 000003D4 F04F 0100       MOV              R1, #0
  158 000003D8 6001            STR              R1, [R0]
  159 000003DA 483D            LDR              R0,= NVIC_ST_CTRL_R
  160 000003DC F04F 0105       MOV              R1, #0x00000005
  161 000003E0 6001            STR              R1, [R0]
  162 000003E2 4770            BX               LR
  163 000003E4         
  164 000003E4         PortF_Init
  165 000003E4 483D            LDR              R0,= SYSCTL_RCGCGPIO_R
  166 000003E6 6801            LDR              R1, [R0]
  167 000003E8 F041 0120       ORR              R1, #0x00000020
  168 000003EC 6001            STR              R1, [R0]
  169 000003EE BF00            NOP
  170 000003F0 BF00            NOP
  171 000003F2 483B            LDR              R0,= GPIO_PORTF_DIR_R
  172 000003F4 6801            LDR              R1, [R0]
  173 000003F6 F04F 020E       MOV              R2, #0x0E
  174 000003FA EA41 0102       ORR              R1,R2
  175 000003FE 6001            STR              R1, [R0]
  176 00000400 4838            LDR              R0, =GPIO_PORTF_AFSEL_R
  177 00000402 F04F 0100       MOV              R1, #0x00
  178 00000406 6001            STR              R1, [R0]
  179 00000408 4837            LDR              R0, =GPIO_PORTF_DEN_R
  180 0000040A F04F 010E       MOV              R1, #0x0E
  181 0000040E 6001            STR              R1, [R0]
  182 00000410 4770            BX               LR
  183 00000412         
  184 00000412         PortE_Init
  185 00000412 4832            LDR              R0,= SYSCTL_RCGCGPIO_R
  186 00000414 6801            LDR              R1, [R0]



ARM Macro Assembler    Page 9 


  187 00000416 F041 0110       ORR              R1, #0x00000010
  188 0000041A 6001            STR              R1, [R0]
  189 0000041C BF00            NOP
  190 0000041E BF00            NOP
  191 00000420         ; LDR R0,= GPIO_PORTE_AMSEL_R
  192 00000420         ; MOV R1, #0x00
  193 00000420         ; STR R1, [R0]
  194 00000420         ; LDR R0,= GPIO_PORTE_PCTL_R
  195 00000420         ; MOV R1, #0x00000000
  196 00000420         ; STR R1, [R0]
  197 00000420 4832            LDR              R0,= GPIO_PORTE_DIR_R
  198 00000422 6801            LDR              R1, [R0]
  199 00000424 F041 013F       ORR              R1, #0x3F
  200 00000428 6001            STR              R1, [R0]
  201 0000042A 4831            LDR              R0, =GPIO_PORTE_AFSEL_R
  202 0000042C F04F 0100       MOV              R1, #0x00
  203 00000430 6001            STR              R1, [R0]
  204 00000432 4830            LDR              R0, =GPIO_PORTE_DEN_R
  205 00000434 F04F 013F       MOV              R1, #0x3F
  206 00000438 6001            STR              R1, [R0]
  207 0000043A 4770            BX               LR
  208 0000043C         
  209 0000043C         PortA_Init
  210 0000043C 4827            LDR              R0,= SYSCTL_RCGCGPIO_R
  211 0000043E 6801            LDR              R1, [R0]
  212 00000440 F041 0101       ORR              R1, #0x0000001
  213 00000444 6001            STR              R1, [R0]
  214 00000446 BF00            NOP
  215 00000448 BF00            NOP
  216 0000044A         ; LDR R0,= GPIO_PORTA_AMSEL_R
  217 0000044A         ; MOV R1, #0x00
  218 0000044A         ; STR R1, [R0]
  219 0000044A         ; LDR R0,= GPIO_PORTA_PCTL_R
  220 0000044A         ; MOV R1, #0x00000000
  221 0000044A         ; STR R1, [R0]
  222 0000044A 482B            LDR              R0,= GPIO_PORTA_DIR_R
  223 0000044C 6801            LDR              R1, [R0]
  224 0000044E F04F 021C       MOV              R2, #0x1C
  225 00000452 EA21 0102       BIC              R1,R2
  226 00000456 6001            STR              R1, [R0]
  227 00000458 4828            LDR              R0, =GPIO_PORTA_AFSEL_R
  228 0000045A F04F 0100       MOV              R1, #0x00
  229 0000045E 6001            STR              R1, [R0]
  230 00000460 4827            LDR              R0, =GPIO_PORTA_DEN_R
  231 00000462 F04F 011C       MOV              R1, #0x1C
  232 00000466 6001            STR              R1, [R0]
  233 00000468 4770            BX               LR
  234 0000046A         
  235 0000046A         EnableInterrupts
  236 0000046A 4770            BX               LR
  237 0000046C         
  238 0000046C         TrafficLights_Out
  239 0000046C 4A25            LDR              R2,= GPIO_PORTE_DATA_R
  240 0000046E 6813            LDR              R3, [R2]
  241 00000470 F023 033F       BIC              r3, #0x3F
  242 00000474 EA43 0300       ORR              R3, R0
  243 00000478 6013            STR              R3, [R2]
  244 0000047A 4A23            LDR              R2,= GPIO_PORTF_DATA_R
  245 0000047C 6813            LDR              R3, [R2]



ARM Macro Assembler    Page 10 


  246 0000047E F023 030E       BIC              r3, #0x0E
  247 00000482 EA43 0301       ORR              R3, R1
  248 00000486 6013            STR              R3, [R2]
  249 00000488 4770            BX               LR
  250 0000048A         
  251 0000048A         SysTick_Wait10ms                     ;R0 Contains Delay
  252 0000048A F04F 0100       MOV              R1, #0
  253 0000048E         Wait_Loop
  254 0000048E 4A11            LDR              R2,= NVIC_ST_RELOAD_R
  255 00000490 4B1E            LDR              R3,= DELAY
  256 00000492 F1A3 0301       SUB              R3, #1
  257 00000496 6013            STR              R3, [R2]
  258 00000498 4A0F            LDR              R2,= NVIC_ST_CURRENT_R
  259 0000049A F04F 0300       MOV              R3, #0
  260 0000049E 6013            STR              R3, [R2]
  261 000004A0         Wait
  262 000004A0 4A0B            LDR              R2,= NVIC_ST_CTRL_R
  263 000004A2 6813            LDR              R3, [R2]
  264 000004A4 F5B3 3F80       CMP              R3, #0x00010000
  265 000004A8 D0FA            BEQ              Wait
  266 000004AA 3101            ADDS             R1, #1
  267 000004AC 4281            CMP              R1,R0
  268 000004AE D000            BEQ              done
  269 000004B0 D1ED            BNE              Wait_Loop
  270 000004B2 4770    done    BX               LR
  271 000004B4         
  272 000004B4         getInputs                            ; R0 gets inputs b0
                                                            0000XXX
  273 000004B4 4916            LDR              R1,= GPIO_PORTA_DATA_R
  274 000004B6 680A            LDR              R2, [R1]
  275 000004B8 F002 021C       AND              R2, #0x1C
  276 000004BC EA4F 0292       LSR              R2, #2
  277 000004C0 4610            MOV              R0, R2
  278 000004C2 4770            BX               LR
  279 000004C4         
  280 000004C4         
  281 000004C4                 ALIGN                        ; make sure the end
                                                             of this section is
                                                             aligned
  282 000004C4                 END                          ; end of file
              00000000 
              00000000 
              00000000 
              E000E010 
              E000E014 
              E000E018 
              400FE608 
              40025400 
              40025420 
              4002551C 
              40024400 
              40024420 
              4002451C 
              40004400 
              40004420 
              4000451C 
              400243FC 
              400253FC 
              000C34FF 



ARM Macro Assembler    Page 11 


              400043FC 
Command Line: --debug --xref --cpu=Cortex-M4 --apcs=interwork --depend=.\main.d
 -o.\main.o -IC:\Keil\ARM\RV31\INC -IC:\Keil\ARM\CMSIS\Include -IC:\Keil\ARM\In
c\Luminary --predefine="__EVAL SETA 1" --list=.\main.lst main.s



ARM Macro Assembler    Page 1 Alphabetic symbol ordering
Relocatable symbols

DATA 00000000

Symbol: DATA
   Definitions
      At line 60 in file main.s
   Uses
      None
Comment: DATA unused
current_state 00000000

Symbol: current_state
   Definitions
      At line 61 in file main.s
   Uses
      At line 107 in file main.s
      At line 123 in file main.s
      At line 144 in file main.s

state_ptr 00000004

Symbol: state_ptr
   Definitions
      At line 62 in file main.s
   Uses
      At line 111 in file main.s
      At line 121 in file main.s

3 symbols



ARM Macro Assembler    Page 1 Alphabetic symbol ordering
Relocatable symbols

.text 00000000

Symbol: .text
   Definitions
      At line 67 in file main.s
   Uses
      None
Comment: .text unused
EnableInterrupts 0000046A

Symbol: EnableInterrupts
   Definitions
      At line 235 in file main.s
   Uses
      At line 102 in file main.s
Comment: EnableInterrupts used once
PortA_Init 0000043C

Symbol: PortA_Init
   Definitions
      At line 209 in file main.s
   Uses
      At line 101 in file main.s
Comment: PortA_Init used once
PortE_Init 00000412

Symbol: PortE_Init
   Definitions
      At line 184 in file main.s
   Uses
      At line 100 in file main.s
Comment: PortE_Init used once
PortF_Init 000003E4

Symbol: PortF_Init
   Definitions
      At line 164 in file main.s
   Uses
      At line 99 in file main.s
Comment: PortF_Init used once
Start 00000000

Symbol: Start
   Definitions
      At line 73 in file main.s
   Uses
      At line 69 in file main.s
Comment: Start used once
SysTick_Init 000003C2

Symbol: SysTick_Init
   Definitions
      At line 149 in file main.s
   Uses
      At line 98 in file main.s
Comment: SysTick_Init used once
SysTick_Wait10ms 0000048A

Symbol: SysTick_Wait10ms



ARM Macro Assembler    Page 2 Alphabetic symbol ordering
Relocatable symbols

   Definitions
      At line 251 in file main.s
   Uses
      At line 137 in file main.s
Comment: SysTick_Wait10ms used once
TrafficLights_Out 0000046C

Symbol: TrafficLights_Out
   Definitions
      At line 238 in file main.s
   Uses
      At line 105 in file main.s
      At line 133 in file main.s

Wait 000004A0

Symbol: Wait
   Definitions
      At line 261 in file main.s
   Uses
      At line 265 in file main.s
Comment: Wait used once
Wait_Loop 0000048E

Symbol: Wait_Loop
   Definitions
      At line 253 in file main.s
   Uses
      At line 269 in file main.s
Comment: Wait_Loop used once
done 000004B2

Symbol: done
   Definitions
      At line 270 in file main.s
   Uses
      At line 268 in file main.s
Comment: done used once
getInputs 000004B4

Symbol: getInputs
   Definitions
      At line 272 in file main.s
   Uses
      At line 138 in file main.s
Comment: getInputs used once
loop 0000037E

Symbol: loop
   Definitions
      At line 119 in file main.s
   Uses
      At line 147 in file main.s
Comment: loop used once
state0 00000000

Symbol: state0
   Definitions
      At line 75 in file main.s



ARM Macro Assembler    Page 3 Alphabetic symbol ordering
Relocatable symbols

   Uses
      At line 112 in file main.s
Comment: state0 used once
state1 0000002C

Symbol: state1
   Definitions
      At line 76 in file main.s
   Uses
      None
Comment: state1 unused
state10 000001B8

Symbol: state10
   Definitions
      At line 85 in file main.s
   Uses
      None
Comment: state10 unused
state11 000001E4

Symbol: state11
   Definitions
      At line 86 in file main.s
   Uses
      None
Comment: state11 unused
state12 00000210

Symbol: state12
   Definitions
      At line 87 in file main.s
   Uses
      None
Comment: state12 unused
state13 0000023C

Symbol: state13
   Definitions
      At line 88 in file main.s
   Uses
      None
Comment: state13 unused
state14 00000268

Symbol: state14
   Definitions
      At line 89 in file main.s
   Uses
      None
Comment: state14 unused
state15 00000294

Symbol: state15
   Definitions
      At line 90 in file main.s
   Uses
      None
Comment: state15 unused



ARM Macro Assembler    Page 4 Alphabetic symbol ordering
Relocatable symbols

state16 000002C0

Symbol: state16
   Definitions
      At line 91 in file main.s
   Uses
      None
Comment: state16 unused
state17 000002EC

Symbol: state17
   Definitions
      At line 92 in file main.s
   Uses
      None
Comment: state17 unused
state18 00000318

Symbol: state18
   Definitions
      At line 93 in file main.s
   Uses
      None
Comment: state18 unused
state2 00000058

Symbol: state2
   Definitions
      At line 77 in file main.s
   Uses
      None
Comment: state2 unused
state3 00000084

Symbol: state3
   Definitions
      At line 78 in file main.s
   Uses
      None
Comment: state3 unused
state4 000000B0

Symbol: state4
   Definitions
      At line 79 in file main.s
   Uses
      None
Comment: state4 unused
state5 000000DC

Symbol: state5
   Definitions
      At line 80 in file main.s
   Uses
      None
Comment: state5 unused
state6 00000108

Symbol: state6



ARM Macro Assembler    Page 5 Alphabetic symbol ordering
Relocatable symbols

   Definitions
      At line 81 in file main.s
   Uses
      None
Comment: state6 unused
state7 00000134

Symbol: state7
   Definitions
      At line 82 in file main.s
   Uses
      None
Comment: state7 unused
state8 00000160

Symbol: state8
   Definitions
      At line 83 in file main.s
   Uses
      None
Comment: state8 unused
state9 0000018C

Symbol: state9
   Definitions
      At line 84 in file main.s
   Uses
      None
Comment: state9 unused
33 symbols



ARM Macro Assembler    Page 1 Alphabetic symbol ordering
Absolute symbols

DELAY 000C34FF

Symbol: DELAY
   Definitions
      At line 56 in file main.s
   Uses
      At line 255 in file main.s
Comment: DELAY used once
GPIO_PORTA_AFSEL_R 40004420

Symbol: GPIO_PORTA_AFSEL_R
   Definitions
      At line 34 in file main.s
   Uses
      At line 227 in file main.s
Comment: GPIO_PORTA_AFSEL_R used once
GPIO_PORTA_DATA_R 400043FC

Symbol: GPIO_PORTA_DATA_R
   Definitions
      At line 32 in file main.s
   Uses
      At line 273 in file main.s
Comment: GPIO_PORTA_DATA_R used once
GPIO_PORTA_DEN_R 4000451C

Symbol: GPIO_PORTA_DEN_R
   Definitions
      At line 35 in file main.s
   Uses
      At line 230 in file main.s
Comment: GPIO_PORTA_DEN_R used once
GPIO_PORTA_DIR_R 40004400

Symbol: GPIO_PORTA_DIR_R
   Definitions
      At line 33 in file main.s
   Uses
      At line 222 in file main.s
Comment: GPIO_PORTA_DIR_R used once
GPIO_PORTB_AFSEL_R 40005420

Symbol: GPIO_PORTB_AFSEL_R
   Definitions
      At line 38 in file main.s
   Uses
      None
Comment: GPIO_PORTB_AFSEL_R unused
GPIO_PORTB_DATA_R 400053FC

Symbol: GPIO_PORTB_DATA_R
   Definitions
      At line 36 in file main.s
   Uses
      None
Comment: GPIO_PORTB_DATA_R unused
GPIO_PORTB_DEN_R 4000551C

Symbol: GPIO_PORTB_DEN_R



ARM Macro Assembler    Page 2 Alphabetic symbol ordering
Absolute symbols

   Definitions
      At line 39 in file main.s
   Uses
      None
Comment: GPIO_PORTB_DEN_R unused
GPIO_PORTB_DIR_R 40005400

Symbol: GPIO_PORTB_DIR_R
   Definitions
      At line 37 in file main.s
   Uses
      None
Comment: GPIO_PORTB_DIR_R unused
GPIO_PORTD_AFSEL_R 40007420

Symbol: GPIO_PORTD_AFSEL_R
   Definitions
      At line 42 in file main.s
   Uses
      None
Comment: GPIO_PORTD_AFSEL_R unused
GPIO_PORTD_DATA_R 400073FC

Symbol: GPIO_PORTD_DATA_R
   Definitions
      At line 40 in file main.s
   Uses
      None
Comment: GPIO_PORTD_DATA_R unused
GPIO_PORTD_DEN_R 4000751C

Symbol: GPIO_PORTD_DEN_R
   Definitions
      At line 43 in file main.s
   Uses
      None
Comment: GPIO_PORTD_DEN_R unused
GPIO_PORTD_DIR_R 40007400

Symbol: GPIO_PORTD_DIR_R
   Definitions
      At line 41 in file main.s
   Uses
      None
Comment: GPIO_PORTD_DIR_R unused
GPIO_PORTE_AFSEL_R 40024420

Symbol: GPIO_PORTE_AFSEL_R
   Definitions
      At line 46 in file main.s
   Uses
      At line 201 in file main.s
Comment: GPIO_PORTE_AFSEL_R used once
GPIO_PORTE_DATA_R 400243FC

Symbol: GPIO_PORTE_DATA_R
   Definitions
      At line 44 in file main.s
   Uses



ARM Macro Assembler    Page 3 Alphabetic symbol ordering
Absolute symbols

      At line 239 in file main.s
Comment: GPIO_PORTE_DATA_R used once
GPIO_PORTE_DEN_R 4002451C

Symbol: GPIO_PORTE_DEN_R
   Definitions
      At line 47 in file main.s
   Uses
      At line 204 in file main.s
Comment: GPIO_PORTE_DEN_R used once
GPIO_PORTE_DIR_R 40024400

Symbol: GPIO_PORTE_DIR_R
   Definitions
      At line 45 in file main.s
   Uses
      At line 197 in file main.s
Comment: GPIO_PORTE_DIR_R used once
GPIO_PORTF_AFSEL_R 40025420

Symbol: GPIO_PORTF_AFSEL_R
   Definitions
      At line 50 in file main.s
   Uses
      At line 176 in file main.s
Comment: GPIO_PORTF_AFSEL_R used once
GPIO_PORTF_DATA_R 400253FC

Symbol: GPIO_PORTF_DATA_R
   Definitions
      At line 48 in file main.s
   Uses
      At line 244 in file main.s
Comment: GPIO_PORTF_DATA_R used once
GPIO_PORTF_DEN_R 4002551C

Symbol: GPIO_PORTF_DEN_R
   Definitions
      At line 51 in file main.s
   Uses
      At line 179 in file main.s
Comment: GPIO_PORTF_DEN_R used once
GPIO_PORTF_DIR_R 40025400

Symbol: GPIO_PORTF_DIR_R
   Definitions
      At line 49 in file main.s
   Uses
      At line 171 in file main.s
Comment: GPIO_PORTF_DIR_R used once
KEY 4C4F434B

Symbol: KEY
   Definitions
      At line 55 in file main.s
   Uses
      None
Comment: KEY unused
NVIC_ST_CTRL_R E000E010



ARM Macro Assembler    Page 4 Alphabetic symbol ordering
Absolute symbols


Symbol: NVIC_ST_CTRL_R
   Definitions
      At line 53 in file main.s
   Uses
      At line 150 in file main.s
      At line 159 in file main.s
      At line 262 in file main.s

NVIC_ST_CURRENT_R E000E018

Symbol: NVIC_ST_CURRENT_R
   Definitions
      At line 52 in file main.s
   Uses
      At line 156 in file main.s
      At line 258 in file main.s

NVIC_ST_RELOAD_R E000E014

Symbol: NVIC_ST_RELOAD_R
   Definitions
      At line 54 in file main.s
   Uses
      At line 153 in file main.s
      At line 254 in file main.s

SYSCTL_RCGCGPIO_R 400FE608

Symbol: SYSCTL_RCGCGPIO_R
   Definitions
      At line 31 in file main.s
   Uses
      At line 165 in file main.s
      At line 185 in file main.s
      At line 210 in file main.s

26 symbols



ARM Macro Assembler    Page 1 Alphabetic symbol ordering
External symbols

PLL_Init 00000000

Symbol: PLL_Init
   Definitions
      At line 70 in file main.s
   Uses
      At line 97 in file main.s
Comment: PLL_Init used once
1 symbol
396 symbols in table
